<?xml version="1.0" encoding="UTF-8"?>
<testsuite name="ParkingLotTest" tests="4" skipped="0" failures="0" errors="0" timestamp="2022-03-17T16:53:42" hostname="Sheetals-MacBook-Pro.local" time="0.034">
  <properties/>
  <testcase name="ShouldGiveParkingSlotFullMessage()" classname="ParkingLotTest" time="0.027"/>
  <testcase name="CarParkedInParkingLot()" classname="ParkingLotTest" time="0.002"/>
  <testcase name="CarRemovedFromParkingLot()" classname="ParkingLotTest" time="0.001"/>
  <testcase name="ShouldGiveCarAlreadyParkedMessage()" classname="ParkingLotTest" time="0.001"/>
  <system-out><![CDATA[]]></system-out>
  <system-err><![CDATA[]]></system-err>
</testsuite>
